[debug] ----------------------------------------------------------------------
[debug] Command:      /usr/local/bin/node /usr/local/bin/firebase deploy
[debug] CLI Version:  3.3.0
[debug] Platform:     darwin
[debug] Node Version: v6.7.0
[debug] Time:         Wed Sep 27 2017 11:49:31 GMT+0200 (CAT)
[debug] ----------------------------------------------------------------------
[debug] 
[debug] > command requires scopes: ["email","openid","https://www.googleapis.com/auth/cloudplatformprojects.readonly","https://www.googleapis.com/auth/firebase"]
[debug] > refreshing access token with scopes: ["email","https://www.googleapis.com/auth/cloudplatformprojects.readonly","https://www.googleapis.com/auth/firebase","openid"]
[debug] >>> HTTP REQUEST POST https://www.googleapis.com/oauth2/v3/token { refresh_token: '1/hZEseijOpsG9bfD4YwrQF4rNFnd2QtameSAWpH3S3JI',
  client_id: '563584335869-fgrhgmd47bqnekij5i8b5pr03ho849e6.apps.googleusercontent.com',
  client_secret: 'j9iVZfS8kkCEFUPaAeJV0sAi',
  grant_type: 'refresh_token',
  scope: 'email https://www.googleapis.com/auth/cloudplatformprojects.readonly https://www.googleapis.com/auth/firebase openid' } 
 Wed Sep 27 2017 11:49:31 GMT+0200 (CAT)
[debug] <<< HTTP RESPONSE 200
[debug] >>> HTTP REQUEST GET https://admin.firebase.com/v1/projects/demos-eda39  
 Wed Sep 27 2017 11:49:31 GMT+0200 (CAT)
[debug] <<< HTTP RESPONSE 200
[debug] >>> HTTP REQUEST GET https://admin.firebase.com/v1/database/demos-eda39/tokens  
 Wed Sep 27 2017 11:49:33 GMT+0200 (CAT)
[debug] <<< HTTP RESPONSE 200
[info] 
[info] === Deploying to 'demos-eda39'...
[info] 
[info] i  deploying database, hosting
[info] ✔  database: rules ready to deploy.
[info] i  hosting: preparing . directory for upload...
[debug] >>> HTTP REQUEST PUT https://deploy.firebase.com/v1/hosting/demos-eda39/uploads/-Kv1jTE5SZKmHfpxSKdP?fileCount=1782&message=  
 Wed Sep 27 2017 11:50:01 GMT+0200 (CAT)
